<?xml version="1.0" encoding="UTF-8"?>
<testsuite xmlns:xsi="http://www.w3.org/2001/XMLSchema-instance" xsi:noNamespaceSchemaLocation="https://maven.apache.org/surefire/maven-surefire-plugin/xsd/surefire-test-report.xsd" version="3.0.1" name="br.scandelari.AppTest" time="0.04" tests="1" errors="0" skipped="0" failures="0">
  <properties>
    <property name="java.specification.version" value="21"/>
    <property name="sun.jnu.encoding" value="UTF-8"/>
    <property name="java.class.path" value="/home/hscan/work/javaEE/workspace/JEE9-prime-wildfly/target/test-classes:/home/hscan/work/javaEE/workspace/JEE9-prime-wildfly/target/classes:/home/hscan/.m2/repository/jakarta/platform/jakarta.jakartaee-web-api/9.1.0/jakarta.jakartaee-web-api-9.1.0.jar:/home/hscan/.m2/repository/org/primefaces/primefaces/14.0.12/primefaces-14.0.12-jakarta.jar:/home/hscan/.m2/repository/org/hibernate/hibernate-core-jakarta/5.6.9.Final/hibernate-core-jakarta-5.6.9.Final.jar:/home/hscan/.m2/repository/org/jboss/logging/jboss-logging/3.4.3.Final/jboss-logging-3.4.3.Final.jar:/home/hscan/.m2/repository/jakarta/persistence/jakarta.persistence-api/3.0.0/jakarta.persistence-api-3.0.0.jar:/home/hscan/.m2/repository/net/bytebuddy/byte-buddy/1.12.9/byte-buddy-1.12.9.jar:/home/hscan/.m2/repository/antlr/antlr/2.7.7/antlr-2.7.7.jar:/home/hscan/.m2/repository/jakarta/transaction/jakarta.transaction-api/2.0.0/jakarta.transaction-api-2.0.0.jar:/home/hscan/.m2/repository/org/jboss/jandex/2.4.2.Final/jandex-2.4.2.Final.jar:/home/hscan/.m2/repository/com/fasterxml/classmate/1.5.1/classmate-1.5.1.jar:/home/hscan/.m2/repository/jakarta/activation/jakarta.activation-api/2.0.1/jakarta.activation-api-2.0.1.jar:/home/hscan/.m2/repository/org/dom4j/dom4j/2.1.3/dom4j-2.1.3.jar:/home/hscan/.m2/repository/org/hibernate/common/hibernate-commons-annotations/5.1.2.Final/hibernate-commons-annotations-5.1.2.Final.jar:/home/hscan/.m2/repository/jakarta/xml/bind/jakarta.xml.bind-api/3.0.1/jakarta.xml.bind-api-3.0.1.jar:/home/hscan/.m2/repository/com/sun/activation/jakarta.activation/2.0.1/jakarta.activation-2.0.1.jar:/home/hscan/.m2/repository/org/glassfish/jaxb/jaxb-runtime/3.0.0/jaxb-runtime-3.0.0.jar:/home/hscan/.m2/repository/org/glassfish/jaxb/jaxb-core/3.0.0/jaxb-core-3.0.0.jar:/home/hscan/.m2/repository/org/glassfish/jaxb/txw2/3.0.0/txw2-3.0.0.jar:/home/hscan/.m2/repository/com/sun/istack/istack-commons-runtime/4.0.0/istack-commons-runtime-4.0.0.jar:/home/hscan/.m2/repository/org/hibernate/validator/hibernate-validator/8.0.1.Final/hibernate-validator-8.0.1.Final.jar:/home/hscan/.m2/repository/jakarta/validation/jakarta.validation-api/3.0.2/jakarta.validation-api-3.0.2.jar:/home/hscan/.m2/repository/org/junit/jupiter/junit-jupiter-api/5.11.0/junit-jupiter-api-5.11.0.jar:/home/hscan/.m2/repository/org/opentest4j/opentest4j/1.3.0/opentest4j-1.3.0.jar:/home/hscan/.m2/repository/org/junit/platform/junit-platform-commons/1.11.0/junit-platform-commons-1.11.0.jar:/home/hscan/.m2/repository/org/apiguardian/apiguardian-api/1.1.2/apiguardian-api-1.1.2.jar:/home/hscan/.m2/repository/org/junit/jupiter/junit-jupiter-params/5.11.0/junit-jupiter-params-5.11.0.jar:"/>
    <property name="java.vm.vendor" value="Arch Linux"/>
    <property name="sun.arch.data.model" value="64"/>
    <property name="java.vendor.url" value="https://openjdk.org/"/>
    <property name="os.name" value="Linux"/>
    <property name="java.vm.specification.version" value="21"/>
    <property name="sun.java.launcher" value="SUN_STANDARD"/>
    <property name="user.country" value="BR"/>
    <property name="sun.boot.library.path" value="/usr/lib/jvm/java-21-openjdk/lib"/>
    <property name="sun.java.command" value="/home/hscan/work/javaEE/workspace/JEE9-prime-wildfly/target/surefire/surefirebooter-20251026201037663_3.jar /home/hscan/work/javaEE/workspace/JEE9-prime-wildfly/target/surefire 2025-10-26T20-10-37_601-jvmRun1 surefire-20251026201037663_1tmp surefire_0-20251026201037663_2tmp"/>
    <property name="jdk.debug" value="release"/>
    <property name="surefire.test.class.path" value="/home/hscan/work/javaEE/workspace/JEE9-prime-wildfly/target/test-classes:/home/hscan/work/javaEE/workspace/JEE9-prime-wildfly/target/classes:/home/hscan/.m2/repository/jakarta/platform/jakarta.jakartaee-web-api/9.1.0/jakarta.jakartaee-web-api-9.1.0.jar:/home/hscan/.m2/repository/org/primefaces/primefaces/14.0.12/primefaces-14.0.12-jakarta.jar:/home/hscan/.m2/repository/org/hibernate/hibernate-core-jakarta/5.6.9.Final/hibernate-core-jakarta-5.6.9.Final.jar:/home/hscan/.m2/repository/org/jboss/logging/jboss-logging/3.4.3.Final/jboss-logging-3.4.3.Final.jar:/home/hscan/.m2/repository/jakarta/persistence/jakarta.persistence-api/3.0.0/jakarta.persistence-api-3.0.0.jar:/home/hscan/.m2/repository/net/bytebuddy/byte-buddy/1.12.9/byte-buddy-1.12.9.jar:/home/hscan/.m2/repository/antlr/antlr/2.7.7/antlr-2.7.7.jar:/home/hscan/.m2/repository/jakarta/transaction/jakarta.transaction-api/2.0.0/jakarta.transaction-api-2.0.0.jar:/home/hscan/.m2/repository/org/jboss/jandex/2.4.2.Final/jandex-2.4.2.Final.jar:/home/hscan/.m2/repository/com/fasterxml/classmate/1.5.1/classmate-1.5.1.jar:/home/hscan/.m2/repository/jakarta/activation/jakarta.activation-api/2.0.1/jakarta.activation-api-2.0.1.jar:/home/hscan/.m2/repository/org/dom4j/dom4j/2.1.3/dom4j-2.1.3.jar:/home/hscan/.m2/repository/org/hibernate/common/hibernate-commons-annotations/5.1.2.Final/hibernate-commons-annotations-5.1.2.Final.jar:/home/hscan/.m2/repository/jakarta/xml/bind/jakarta.xml.bind-api/3.0.1/jakarta.xml.bind-api-3.0.1.jar:/home/hscan/.m2/repository/com/sun/activation/jakarta.activation/2.0.1/jakarta.activation-2.0.1.jar:/home/hscan/.m2/repository/org/glassfish/jaxb/jaxb-runtime/3.0.0/jaxb-runtime-3.0.0.jar:/home/hscan/.m2/repository/org/glassfish/jaxb/jaxb-core/3.0.0/jaxb-core-3.0.0.jar:/home/hscan/.m2/repository/org/glassfish/jaxb/txw2/3.0.0/txw2-3.0.0.jar:/home/hscan/.m2/repository/com/sun/istack/istack-commons-runtime/4.0.0/istack-commons-runtime-4.0.0.jar:/home/hscan/.m2/repository/org/hibernate/validator/hibernate-validator/8.0.1.Final/hibernate-validator-8.0.1.Final.jar:/home/hscan/.m2/repository/jakarta/validation/jakarta.validation-api/3.0.2/jakarta.validation-api-3.0.2.jar:/home/hscan/.m2/repository/org/junit/jupiter/junit-jupiter-api/5.11.0/junit-jupiter-api-5.11.0.jar:/home/hscan/.m2/repository/org/opentest4j/opentest4j/1.3.0/opentest4j-1.3.0.jar:/home/hscan/.m2/repository/org/junit/platform/junit-platform-commons/1.11.0/junit-platform-commons-1.11.0.jar:/home/hscan/.m2/repository/org/apiguardian/apiguardian-api/1.1.2/apiguardian-api-1.1.2.jar:/home/hscan/.m2/repository/org/junit/jupiter/junit-jupiter-params/5.11.0/junit-jupiter-params-5.11.0.jar:"/>
    <property name="sun.cpu.endian" value="little"/>
    <property name="user.home" value="/home/hscan"/>
    <property name="user.language" value="pt"/>
    <property name="java.specification.vendor" value="Oracle Corporation"/>
    <property name="java.version.date" value="2025-10-21"/>
    <property name="java.home" value="/usr/lib/jvm/java-21-openjdk"/>
    <property name="file.separator" value="/"/>
    <property name="basedir" value="/home/hscan/work/javaEE/workspace/JEE9-prime-wildfly"/>
    <property name="java.vm.compressedOopsMode" value="Zero based"/>
    <property name="line.separator" value="&#10;"/>
    <property name="java.specification.name" value="Java Platform API Specification"/>
    <property name="java.vm.specification.vendor" value="Oracle Corporation"/>
    <property name="surefire.real.class.path" value="/home/hscan/work/javaEE/workspace/JEE9-prime-wildfly/target/surefire/surefirebooter-20251026201037663_3.jar"/>
    <property name="sun.management.compiler" value="HotSpot 64-Bit Tiered Compilers"/>
    <property name="java.runtime.version" value="21.0.9+10"/>
    <property name="user.name" value="hscan"/>
    <property name="stdout.encoding" value="UTF-8"/>
    <property name="path.separator" value=":"/>
    <property name="os.version" value="6.17.5-zen1-1-zen"/>
    <property name="java.runtime.name" value="OpenJDK Runtime Environment"/>
    <property name="file.encoding" value="UTF-8"/>
    <property name="java.vm.name" value="OpenJDK 64-Bit Server VM"/>
    <property name="localRepository" value="/home/hscan/.m2/repository"/>
    <property name="java.vendor.url.bug" value="https://bugreport.java.com/bugreport/"/>
    <property name="java.io.tmpdir" value="/tmp"/>
    <property name="java.version" value="21.0.9"/>
    <property name="user.dir" value="/home/hscan/work/javaEE/workspace/JEE9-prime-wildfly"/>
    <property name="os.arch" value="amd64"/>
    <property name="java.vm.specification.name" value="Java Virtual Machine Specification"/>
    <property name="native.encoding" value="UTF-8"/>
    <property name="java.library.path" value="/usr/java/packages/lib:/usr/lib64:/lib64:/lib:/usr/lib"/>
    <property name="java.vm.info" value="mixed mode, sharing"/>
    <property name="stderr.encoding" value="UTF-8"/>
    <property name="java.vendor" value="Arch Linux"/>
    <property name="java.vm.version" value="21.0.9+10"/>
    <property name="sun.io.unicode.encoding" value="UnicodeLittle"/>
    <property name="java.class.version" value="65.0"/>
  </properties>
  <testcase name="shouldAnswerWithTrue" classname="br.scandelari.AppTest" time="0.024"/>
</testsuite>